\BOOKMARK [0][-]{section*.3}{\315ndice general}{}% 1
\BOOKMARK [0][-]{section*.5}{\315ndice de cuadros}{}% 2
\BOOKMARK [0][-]{section*.7}{\315ndice de figuras}{}% 3
\BOOKMARK [0][-]{section*.9}{\315ndice de c\363digo}{}% 4
\BOOKMARK [0][-]{chapter.1}{Introducci\363n al Lenguaje y Fundamentos del Sonido}{}% 5
\BOOKMARK [1][-]{section.1.1}{\277Qu\351 es Csound?}{chapter.1}% 6
\BOOKMARK [1][-]{section.1.2}{\277Por qu\351 usar Csound?}{chapter.1}% 7
\BOOKMARK [1][-]{section.1.3}{Breve historia de Csound}{chapter.1}% 8
\BOOKMARK [1][-]{section.1.4}{Las caracter\355sticas del lenguaje}{chapter.1}% 9
\BOOKMARK [1][-]{section.1.5}{Alternativas a Csound}{chapter.1}% 10
\BOOKMARK [2][-]{subsection.1.5.1}{Max/MSP}{section.1.5}% 11
\BOOKMARK [2][-]{subsection.1.5.2}{PureData}{section.1.5}% 12
\BOOKMARK [2][-]{subsection.1.5.3}{SuperCollider}{section.1.5}% 13
\BOOKMARK [1][-]{section.1.6}{IDEs para usar Csound}{chapter.1}% 14
\BOOKMARK [2][-]{subsection.1.6.1}{CsoundQT}{section.1.6}% 15
\BOOKMARK [2][-]{subsection.1.6.2}{Blue}{section.1.6}% 16
\BOOKMARK [2][-]{subsection.1.6.3}{Cabbage}{section.1.6}% 17
\BOOKMARK [0][-]{chapter.2}{Partes y plantillas}{}% 18
\BOOKMARK [1][-]{section.2.1}{Partes}{chapter.2}% 19
\BOOKMARK [1][-]{section.2.2}{Impresi\363n}{chapter.2}% 20
\BOOKMARK [1][-]{section.2.3}{Plantillas}{chapter.2}% 21
\BOOKMARK [0][-]{chapter.3}{Ejemplos}{}% 22
\BOOKMARK [1][-]{section.3.1}{Manejo de la bibliograf\355a}{chapter.3}% 23
\BOOKMARK [1][-]{section.3.2}{C\363digo}{chapter.3}% 24
\BOOKMARK [1][-]{section.3.3}{Im\341genes}{chapter.3}% 25
\BOOKMARK [1][-]{section.3.4}{Cuadros \(mal llamados Tablas\)}{chapter.3}% 26
\BOOKMARK [0][-]{chapter*.10}{Referencias}{}% 27
